All logs & figures will be saved to: /home/ubuntu/diffusion_test_time_compute/hemal_experiments/experiment_outputs_20250311_110604
Loading diffusion model from: /home/ubuntu/diffusion_test_time_compute/nlc_trained_ddpm/results/epoch_100_steps_00046900.pt
Loaded EMA weights from checkpoint.
Loading Hugging Face model: farleyknight/mnist-digit-classification-2022-09-04
/home/ubuntu/diffusion_test_time_compute/.venv/lib/python3.10/site-packages/transformers/models/vit/feature_extraction_vit.py:28: FutureWarning: The class ViTFeatureExtractor is deprecated and will be removed in version 5 of Transformers. Please use ViTImageProcessor instead.
  warnings.warn(

======== Starting scaling study for approach=mse, search=paths ========


=== Running experiments for subset_size=50, approach=mse, search=paths ===
  -> Computing distribution for digit=0, subset_size=50, approach=mse, search_method=paths
50 sample images loaded for digit 0
    [Digit 0] Generating 10 samples through sample number 10 with approach=mse, search=paths
    [Digit 0] Generating 10 samples through sample number 20 with approach=mse, search=paths
    [Digit 0] Generating 10 samples through sample number 30 with approach=mse, search=paths
    [Digit 0] Generating 10 samples through sample number 40 with approach=mse, search=paths
   [Digit 0] Generating 10 samples through sample number 50 with approach=mse, search=paths
  -> Computing distribution for digit=1, subset_size=50, approach=mse, search_method=paths
50 sample images loaded for digit 1
    [Digit 1] Generating 10 samples through sample number 10 with approach=mse, search=paths
    [Digit 1] Generating 10 samples through sample number 20 with approach=mse, search=paths
    [Digit 1] Generating 10 samples through sample number 30 with approach=mse, search=paths
    [Digit 1] Generating 10 samples through sample number 40 with approach=mse, search=paths
   [Digit 1] Generating 10 samples through sample number 50 with approach=mse, search=paths
  -> Computing distribution for digit=2, subset_size=50, approach=mse, search_method=paths
50 sample images loaded for digit 2
    [Digit 2] Generating 10 samples through sample number 10 with approach=mse, search=paths
    [Digit 2] Generating 10 samples through sample number 20 with approach=mse, search=paths
    [Digit 2] Generating 10 samples through sample number 30 with approach=mse, search=paths
    [Digit 2] Generating 10 samples through sample number 40 with approach=mse, search=paths
   [Digit 2] Generating 10 samples through sample number 50 with approach=mse, search=paths
  -> Computing distribution for digit=3, subset_size=50, approach=mse, search_method=paths
50 sample images loaded for digit 3
    [Digit 3] Generating 10 samples through sample number 10 with approach=mse, search=paths
    [Digit 3] Generating 10 samples through sample number 20 with approach=mse, search=paths
    [Digit 3] Generating 10 samples through sample number 30 with approach=mse, search=paths
    [Digit 3] Generating 10 samples through sample number 40 with approach=mse, search=paths
   [Digit 3] Generating 10 samples through sample number 50 with approach=mse, search=paths
  -> Computing distribution for digit=4, subset_size=50, approach=mse, search_method=paths
50 sample images loaded for digit 4
    [Digit 4] Generating 10 samples through sample number 10 with approach=mse, search=paths
    [Digit 4] Generating 10 samples through sample number 20 with approach=mse, search=paths
    [Digit 4] Generating 10 samples through sample number 30 with approach=mse, search=paths
    [Digit 4] Generating 10 samples through sample number 40 with approach=mse, search=paths
   [Digit 4] Generating 10 samples through sample number 50 with approach=mse, search=paths
  -> Computing distribution for digit=5, subset_size=50, approach=mse, search_method=paths
50 sample images loaded for digit 5
    [Digit 5] Generating 10 samples through sample number 10 with approach=mse, search=paths
    [Digit 5] Generating 10 samples through sample number 20 with approach=mse, search=paths
    [Digit 5] Generating 10 samples through sample number 30 with approach=mse, search=paths
    [Digit 5] Generating 10 samples through sample number 40 with approach=mse, search=paths
   [Digit 5] Generating 10 samples through sample number 50 with approach=mse, search=paths
  -> Computing distribution for digit=6, subset_size=50, approach=mse, search_method=paths
50 sample images loaded for digit 6
    [Digit 6] Generating 10 samples through sample number 10 with approach=mse, search=paths
    [Digit 6] Generating 10 samples through sample number 20 with approach=mse, search=paths
    [Digit 6] Generating 10 samples through sample number 30 with approach=mse, search=paths
    [Digit 6] Generating 10 samples through sample number 40 with approach=mse, search=paths
   [Digit 6] Generating 10 samples through sample number 50 with approach=mse, search=paths
  -> Computing distribution for digit=7, subset_size=50, approach=mse, search_method=paths
50 sample images loaded for digit 7
    [Digit 7] Generating 10 samples through sample number 10 with approach=mse, search=paths
    [Digit 7] Generating 10 samples through sample number 20 with approach=mse, search=paths
    [Digit 7] Generating 10 samples through sample number 30 with approach=mse, search=paths
    [Digit 7] Generating 10 samples through sample number 40 with approach=mse, search=paths
   [Digit 7] Generating 10 samples through sample number 50 with approach=mse, search=paths
  -> Computing distribution for digit=8, subset_size=50, approach=mse, search_method=paths
50 sample images loaded for digit 8
    [Digit 8] Generating 10 samples through sample number 10 with approach=mse, search=paths
    [Digit 8] Generating 10 samples through sample number 20 with approach=mse, search=paths
    [Digit 8] Generating 10 samples through sample number 30 with approach=mse, search=paths
    [Digit 8] Generating 10 samples through sample number 40 with approach=mse, search=paths
   [Digit 8] Generating 10 samples through sample number 50 with approach=mse, search=paths
  -> Computing distribution for digit=9, subset_size=50, approach=mse, search_method=paths
50 sample images loaded for digit 9
    [Digit 9] Generating 10 samples through sample number 10 with approach=mse, search=paths
    [Digit 9] Generating 10 samples through sample number 20 with approach=mse, search=paths
    [Digit 9] Generating 10 samples through sample number 30 with approach=mse, search=paths
    [Digit 9] Generating 10 samples through sample number 40 with approach=mse, search=paths
   [Digit 9] Generating 10 samples through sample number 50 with approach=mse, search=paths
  => Approach=MSE | Search=paths | subset_size=50 | Accuracy=74.00% (370/500) | FID=0.2206
Cache cleared after finishing subset_size=50. Current cache size: 0

=== Running experiments for subset_size=100, approach=mse, search=paths ===
  -> Computing distribution for digit=0, subset_size=100, approach=mse, search_method=paths
100 sample images loaded for digit 0
    [Digit 0] Generating 10 samples through sample number 10 with approach=mse, search=paths
    [Digit 0] Generating 10 samples through sample number 20 with approach=mse, search=paths
    [Digit 0] Generating 10 samples through sample number 30 with approach=mse, search=paths
    [Digit 0] Generating 10 samples through sample number 40 with approach=mse, search=paths
   [Digit 0] Generating 10 samples through sample number 50 with approach=mse, search=paths
  -> Computing distribution for digit=1, subset_size=100, approach=mse, search_method=paths
100 sample images loaded for digit 1
    [Digit 1] Generating 10 samples through sample number 10 with approach=mse, search=paths
    [Digit 1] Generating 10 samples through sample number 20 with approach=mse, search=paths
    [Digit 1] Generating 10 samples through sample number 30 with approach=mse, search=paths
    [Digit 1] Generating 10 samples through sample number 40 with approach=mse, search=paths
   [Digit 1] Generating 10 samples through sample number 50 with approach=mse, search=paths
  -> Computing distribution for digit=2, subset_size=100, approach=mse, search_method=paths
100 sample images loaded for digit 2
    [Digit 2] Generating 10 samples through sample number 10 with approach=mse, search=paths
    [Digit 2] Generating 10 samples through sample number 20 with approach=mse, search=paths
    [Digit 2] Generating 10 samples through sample number 30 with approach=mse, search=paths
    [Digit 2] Generating 10 samples through sample number 40 with approach=mse, search=paths
   [Digit 2] Generating 10 samples through sample number 50 with approach=mse, search=paths
  -> Computing distribution for digit=3, subset_size=100, approach=mse, search_method=paths
100 sample images loaded for digit 3
    [Digit 3] Generating 10 samples through sample number 10 with approach=mse, search=paths
    [Digit 3] Generating 10 samples through sample number 20 with approach=mse, search=paths
    [Digit 3] Generating 10 samples through sample number 30 with approach=mse, search=paths
    [Digit 3] Generating 10 samples through sample number 40 with approach=mse, search=paths
   [Digit 3] Generating 10 samples through sample number 50 with approach=mse, search=paths
  -> Computing distribution for digit=4, subset_size=100, approach=mse, search_method=paths
100 sample images loaded for digit 4
    [Digit 4] Generating 10 samples through sample number 10 with approach=mse, search=paths
    [Digit 4] Generating 10 samples through sample number 20 with approach=mse, search=paths
    [Digit 4] Generating 10 samples through sample number 30 with approach=mse, search=paths
    [Digit 4] Generating 10 samples through sample number 40 with approach=mse, search=paths
   [Digit 4] Generating 10 samples through sample number 50 with approach=mse, search=paths
  -> Computing distribution for digit=5, subset_size=100, approach=mse, search_method=paths
100 sample images loaded for digit 5
    [Digit 5] Generating 10 samples through sample number 10 with approach=mse, search=paths
    [Digit 5] Generating 10 samples through sample number 20 with approach=mse, search=paths
    [Digit 5] Generating 10 samples through sample number 30 with approach=mse, search=paths
    [Digit 5] Generating 10 samples through sample number 40 with approach=mse, search=paths
   [Digit 5] Generating 10 samples through sample number 50 with approach=mse, search=paths
  -> Computing distribution for digit=6, subset_size=100, approach=mse, search_method=paths
100 sample images loaded for digit 6
    [Digit 6] Generating 10 samples through sample number 10 with approach=mse, search=paths
    [Digit 6] Generating 10 samples through sample number 20 with approach=mse, search=paths
    [Digit 6] Generating 10 samples through sample number 30 with approach=mse, search=paths
    [Digit 6] Generating 10 samples through sample number 40 with approach=mse, search=paths
   [Digit 6] Generating 10 samples through sample number 50 with approach=mse, search=paths
  -> Computing distribution for digit=7, subset_size=100, approach=mse, search_method=paths
100 sample images loaded for digit 7
    [Digit 7] Generating 10 samples through sample number 10 with approach=mse, search=paths
    [Digit 7] Generating 10 samples through sample number 20 with approach=mse, search=paths
    [Digit 7] Generating 10 samples through sample number 30 with approach=mse, search=paths
    [Digit 7] Generating 10 samples through sample number 40 with approach=mse, search=paths
   [Digit 7] Generating 10 samples through sample number 50 with approach=mse, search=paths
  -> Computing distribution for digit=8, subset_size=100, approach=mse, search_method=paths
100 sample images loaded for digit 8
    [Digit 8] Generating 10 samples through sample number 10 with approach=mse, search=paths
    [Digit 8] Generating 10 samples through sample number 20 with approach=mse, search=paths
    [Digit 8] Generating 10 samples through sample number 30 with approach=mse, search=paths
    [Digit 8] Generating 10 samples through sample number 40 with approach=mse, search=paths
   [Digit 8] Generating 10 samples through sample number 50 with approach=mse, search=paths
  -> Computing distribution for digit=9, subset_size=100, approach=mse, search_method=paths
100 sample images loaded for digit 9
    [Digit 9] Generating 10 samples through sample number 10 with approach=mse, search=paths
    [Digit 9] Generating 10 samples through sample number 20 with approach=mse, search=paths
    [Digit 9] Generating 10 samples through sample number 30 with approach=mse, search=paths
    [Digit 9] Generating 10 samples through sample number 40 with approach=mse, search=paths
   [Digit 9] Generating 10 samples through sample number 50 with approach=mse, search=paths
  => Approach=MSE | Search=paths | subset_size=100 | Accuracy=71.80% (359/500) | FID=0.2712
Cache cleared after finishing subset_size=100. Current cache size: 0

=== Running experiments for subset_size=200, approach=mse, search=paths ===
  -> Computing distribution for digit=0, subset_size=200, approach=mse, search_method=paths
200 sample images loaded for digit 0
    [Digit 0] Generating 10 samples through sample number 10 with approach=mse, search=paths
    [Digit 0] Generating 10 samples through sample number 20 with approach=mse, search=paths
    [Digit 0] Generating 10 samples through sample number 30 with approach=mse, search=paths
    [Digit 0] Generating 10 samples through sample number 40 with approach=mse, search=paths
   [Digit 0] Generating 10 samples through sample number 50 with approach=mse, search=paths
  -> Computing distribution for digit=1, subset_size=200, approach=mse, search_method=paths
200 sample images loaded for digit 1
    [Digit 1] Generating 10 samples through sample number 10 with approach=mse, search=paths
    [Digit 1] Generating 10 samples through sample number 20 with approach=mse, search=paths
    [Digit 1] Generating 10 samples through sample number 30 with approach=mse, search=paths
    [Digit 1] Generating 10 samples through sample number 40 with approach=mse, search=paths
   [Digit 1] Generating 10 samples through sample number 50 with approach=mse, search=paths
  -> Computing distribution for digit=2, subset_size=200, approach=mse, search_method=paths
200 sample images loaded for digit 2
    [Digit 2] Generating 10 samples through sample number 10 with approach=mse, search=paths
    [Digit 2] Generating 10 samples through sample number 20 with approach=mse, search=paths
    [Digit 2] Generating 10 samples through sample number 30 with approach=mse, search=paths
    [Digit 2] Generating 10 samples through sample number 40 with approach=mse, search=paths
   [Digit 2] Generating 10 samples through sample number 50 with approach=mse, search=paths
  -> Computing distribution for digit=3, subset_size=200, approach=mse, search_method=paths
200 sample images loaded for digit 3
    [Digit 3] Generating 10 samples through sample number 10 with approach=mse, search=paths
    [Digit 3] Generating 10 samples through sample number 20 with approach=mse, search=paths
    [Digit 3] Generating 10 samples through sample number 30 with approach=mse, search=paths
    [Digit 3] Generating 10 samples through sample number 40 with approach=mse, search=paths
   [Digit 3] Generating 10 samples through sample number 50 with approach=mse, search=paths
  -> Computing distribution for digit=4, subset_size=200, approach=mse, search_method=paths
200 sample images loaded for digit 4
    [Digit 4] Generating 10 samples through sample number 10 with approach=mse, search=paths
    [Digit 4] Generating 10 samples through sample number 20 with approach=mse, search=paths
    [Digit 4] Generating 10 samples through sample number 30 with approach=mse, search=paths
    [Digit 4] Generating 10 samples through sample number 40 with approach=mse, search=paths
   [Digit 4] Generating 10 samples through sample number 50 with approach=mse, search=paths
  -> Computing distribution for digit=5, subset_size=200, approach=mse, search_method=paths
200 sample images loaded for digit 5
    [Digit 5] Generating 10 samples through sample number 10 with approach=mse, search=paths
    [Digit 5] Generating 10 samples through sample number 20 with approach=mse, search=paths
    [Digit 5] Generating 10 samples through sample number 30 with approach=mse, search=paths
    [Digit 5] Generating 10 samples through sample number 40 with approach=mse, search=paths
   [Digit 5] Generating 10 samples through sample number 50 with approach=mse, search=paths
  -> Computing distribution for digit=6, subset_size=200, approach=mse, search_method=paths
200 sample images loaded for digit 6
    [Digit 6] Generating 10 samples through sample number 10 with approach=mse, search=paths
    [Digit 6] Generating 10 samples through sample number 20 with approach=mse, search=paths
    [Digit 6] Generating 10 samples through sample number 30 with approach=mse, search=paths
    [Digit 6] Generating 10 samples through sample number 40 with approach=mse, search=paths
   [Digit 6] Generating 10 samples through sample number 50 with approach=mse, search=paths
  -> Computing distribution for digit=7, subset_size=200, approach=mse, search_method=paths
200 sample images loaded for digit 7
    [Digit 7] Generating 10 samples through sample number 10 with approach=mse, search=paths
    [Digit 7] Generating 10 samples through sample number 20 with approach=mse, search=paths
    [Digit 7] Generating 10 samples through sample number 30 with approach=mse, search=paths
    [Digit 7] Generating 10 samples through sample number 40 with approach=mse, search=paths
   [Digit 7] Generating 10 samples through sample number 50 with approach=mse, search=paths
  -> Computing distribution for digit=8, subset_size=200, approach=mse, search_method=paths
200 sample images loaded for digit 8
    [Digit 8] Generating 10 samples through sample number 10 with approach=mse, search=paths
    [Digit 8] Generating 10 samples through sample number 20 with approach=mse, search=paths
    [Digit 8] Generating 10 samples through sample number 30 with approach=mse, search=paths
    [Digit 8] Generating 10 samples through sample number 40 with approach=mse, search=paths
   [Digit 8] Generating 10 samples through sample number 50 with approach=mse, search=paths
  -> Computing distribution for digit=9, subset_size=200, approach=mse, search_method=paths
200 sample images loaded for digit 9
    [Digit 9] Generating 10 samples through sample number 10 with approach=mse, search=paths
    [Digit 9] Generating 10 samples through sample number 20 with approach=mse, search=paths
    [Digit 9] Generating 10 samples through sample number 30 with approach=mse, search=paths
    [Digit 9] Generating 10 samples through sample number 40 with approach=mse, search=paths
   [Digit 9] Generating 10 samples through sample number 50 with approach=mse, search=paths
  => Approach=MSE | Search=paths | subset_size=200 | Accuracy=75.60% (378/500) | FID=0.2369
Cache cleared after finishing subset_size=200. Current cache size: 0

=== Running experiments for subset_size=600, approach=mse, search=paths ===
  -> Computing distribution for digit=0, subset_size=600, approach=mse, search_method=paths
600 sample images loaded for digit 0
    [Digit 0] Generating 10 samples through sample number 10 with approach=mse, search=paths
    [Digit 0] Generating 10 samples through sample number 20 with approach=mse, search=paths
    [Digit 0] Generating 10 samples through sample number 30 with approach=mse, search=paths
    [Digit 0] Generating 10 samples through sample number 40 with approach=mse, search=paths
   [Digit 0] Generating 10 samples through sample number 50 with approach=mse, search=paths
  -> Computing distribution for digit=1, subset_size=600, approach=mse, search_method=paths
600 sample images loaded for digit 1
    [Digit 1] Generating 10 samples through sample number 10 with approach=mse, search=paths
    [Digit 1] Generating 10 samples through sample number 20 with approach=mse, search=paths
    [Digit 1] Generating 10 samples through sample number 30 with approach=mse, search=paths
    [Digit 1] Generating 10 samples through sample number 40 with approach=mse, search=paths
   [Digit 1] Generating 10 samples through sample number 50 with approach=mse, search=paths
  -> Computing distribution for digit=2, subset_size=600, approach=mse, search_method=paths
600 sample images loaded for digit 2
    [Digit 2] Generating 10 samples through sample number 10 with approach=mse, search=paths
    [Digit 2] Generating 10 samples through sample number 20 with approach=mse, search=paths
    [Digit 2] Generating 10 samples through sample number 30 with approach=mse, search=paths
    [Digit 2] Generating 10 samples through sample number 40 with approach=mse, search=paths
   [Digit 2] Generating 10 samples through sample number 50 with approach=mse, search=paths
  -> Computing distribution for digit=3, subset_size=600, approach=mse, search_method=paths
600 sample images loaded for digit 3
    [Digit 3] Generating 10 samples through sample number 10 with approach=mse, search=paths
    [Digit 3] Generating 10 samples through sample number 20 with approach=mse, search=paths
    [Digit 3] Generating 10 samples through sample number 30 with approach=mse, search=paths
    [Digit 3] Generating 10 samples through sample number 40 with approach=mse, search=paths
   [Digit 3] Generating 10 samples through sample number 50 with approach=mse, search=paths
  -> Computing distribution for digit=4, subset_size=600, approach=mse, search_method=paths
600 sample images loaded for digit 4
    [Digit 4] Generating 10 samples through sample number 10 with approach=mse, search=paths
    [Digit 4] Generating 10 samples through sample number 20 with approach=mse, search=paths
    [Digit 4] Generating 10 samples through sample number 30 with approach=mse, search=paths
    [Digit 4] Generating 10 samples through sample number 40 with approach=mse, search=paths
   [Digit 4] Generating 10 samples through sample number 50 with approach=mse, search=paths
  -> Computing distribution for digit=5, subset_size=600, approach=mse, search_method=paths
600 sample images loaded for digit 5
    [Digit 5] Generating 10 samples through sample number 10 with approach=mse, search=paths
    [Digit 5] Generating 10 samples through sample number 20 with approach=mse, search=paths
    [Digit 5] Generating 10 samples through sample number 30 with approach=mse, search=paths
    [Digit 5] Generating 10 samples through sample number 40 with approach=mse, search=paths
   [Digit 5] Generating 10 samples through sample number 50 with approach=mse, search=paths
  -> Computing distribution for digit=6, subset_size=600, approach=mse, search_method=paths
600 sample images loaded for digit 6
    [Digit 6] Generating 10 samples through sample number 10 with approach=mse, search=paths
    [Digit 6] Generating 10 samples through sample number 20 with approach=mse, search=paths
    [Digit 6] Generating 10 samples through sample number 30 with approach=mse, search=paths
    [Digit 6] Generating 10 samples through sample number 40 with approach=mse, search=paths
   [Digit 6] Generating 10 samples through sample number 50 with approach=mse, search=paths
  -> Computing distribution for digit=7, subset_size=600, approach=mse, search_method=paths
600 sample images loaded for digit 7
    [Digit 7] Generating 10 samples through sample number 10 with approach=mse, search=paths
    [Digit 7] Generating 10 samples through sample number 20 with approach=mse, search=paths
    [Digit 7] Generating 10 samples through sample number 30 with approach=mse, search=paths
    [Digit 7] Generating 10 samples through sample number 40 with approach=mse, search=paths
   [Digit 7] Generating 10 samples through sample number 50 with approach=mse, search=paths
  -> Computing distribution for digit=8, subset_size=600, approach=mse, search_method=paths
600 sample images loaded for digit 8
    [Digit 8] Generating 10 samples through sample number 10 with approach=mse, search=paths
    [Digit 8] Generating 10 samples through sample number 20 with approach=mse, search=paths
    [Digit 8] Generating 10 samples through sample number 30 with approach=mse, search=paths
    [Digit 8] Generating 10 samples through sample number 40 with approach=mse, search=paths
   [Digit 8] Generating 10 samples through sample number 50 with approach=mse, search=paths
  -> Computing distribution for digit=9, subset_size=600, approach=mse, search_method=paths
600 sample images loaded for digit 9
    [Digit 9] Generating 10 samples through sample number 10 with approach=mse, search=paths
    [Digit 9] Generating 10 samples through sample number 20 with approach=mse, search=paths
    [Digit 9] Generating 10 samples through sample number 30 with approach=mse, search=paths
    [Digit 9] Generating 10 samples through sample number 40 with approach=mse, search=paths
   [Digit 9] Generating 10 samples through sample number 50 with approach=mse, search=paths
  => Approach=MSE | Search=paths | subset_size=600 | Accuracy=72.60% (363/500) | FID=0.2309
Cache cleared after finishing subset_size=600. Current cache size: 0

=== Running experiments for subset_size=1000, approach=mse, search=paths ===
  -> Computing distribution for digit=0, subset_size=1000, approach=mse, search_method=paths
1000 sample images loaded for digit 0
    [Digit 0] Generating 10 samples through sample number 10 with approach=mse, search=paths
    [Digit 0] Generating 10 samples through sample number 20 with approach=mse, search=paths
    [Digit 0] Generating 10 samples through sample number 30 with approach=mse, search=paths
    [Digit 0] Generating 10 samples through sample number 40 with approach=mse, search=paths
   [Digit 0] Generating 10 samples through sample number 50 with approach=mse, search=paths
  -> Computing distribution for digit=1, subset_size=1000, approach=mse, search_method=paths
1000 sample images loaded for digit 1
    [Digit 1] Generating 10 samples through sample number 10 with approach=mse, search=paths
    [Digit 1] Generating 10 samples through sample number 20 with approach=mse, search=paths
    [Digit 1] Generating 10 samples through sample number 30 with approach=mse, search=paths
    [Digit 1] Generating 10 samples through sample number 40 with approach=mse, search=paths
   [Digit 1] Generating 10 samples through sample number 50 with approach=mse, search=paths
  -> Computing distribution for digit=2, subset_size=1000, approach=mse, search_method=paths
1000 sample images loaded for digit 2
    [Digit 2] Generating 10 samples through sample number 10 with approach=mse, search=paths
    [Digit 2] Generating 10 samples through sample number 20 with approach=mse, search=paths
    [Digit 2] Generating 10 samples through sample number 30 with approach=mse, search=paths
    [Digit 2] Generating 10 samples through sample number 40 with approach=mse, search=paths
   [Digit 2] Generating 10 samples through sample number 50 with approach=mse, search=paths
  -> Computing distribution for digit=3, subset_size=1000, approach=mse, search_method=paths
1000 sample images loaded for digit 3
    [Digit 3] Generating 10 samples through sample number 10 with approach=mse, search=paths
    [Digit 3] Generating 10 samples through sample number 20 with approach=mse, search=paths
    [Digit 3] Generating 10 samples through sample number 30 with approach=mse, search=paths
    [Digit 3] Generating 10 samples through sample number 40 with approach=mse, search=paths
   [Digit 3] Generating 10 samples through sample number 50 with approach=mse, search=paths
  -> Computing distribution for digit=4, subset_size=1000, approach=mse, search_method=paths
1000 sample images loaded for digit 4
    [Digit 4] Generating 10 samples through sample number 10 with approach=mse, search=paths
    [Digit 4] Generating 10 samples through sample number 20 with approach=mse, search=paths
    [Digit 4] Generating 10 samples through sample number 30 with approach=mse, search=paths
    [Digit 4] Generating 10 samples through sample number 40 with approach=mse, search=paths
   [Digit 4] Generating 10 samples through sample number 50 with approach=mse, search=paths
  -> Computing distribution for digit=5, subset_size=1000, approach=mse, search_method=paths
1000 sample images loaded for digit 5
    [Digit 5] Generating 10 samples through sample number 10 with approach=mse, search=paths
    [Digit 5] Generating 10 samples through sample number 20 with approach=mse, search=paths
    [Digit 5] Generating 10 samples through sample number 30 with approach=mse, search=paths
    [Digit 5] Generating 10 samples through sample number 40 with approach=mse, search=paths
   [Digit 5] Generating 10 samples through sample number 50 with approach=mse, search=paths
  -> Computing distribution for digit=6, subset_size=1000, approach=mse, search_method=paths
1000 sample images loaded for digit 6
    [Digit 6] Generating 10 samples through sample number 10 with approach=mse, search=paths
    [Digit 6] Generating 10 samples through sample number 20 with approach=mse, search=paths
    [Digit 6] Generating 10 samples through sample number 30 with approach=mse, search=paths
    [Digit 6] Generating 10 samples through sample number 40 with approach=mse, search=paths
   [Digit 6] Generating 10 samples through sample number 50 with approach=mse, search=paths
  -> Computing distribution for digit=7, subset_size=1000, approach=mse, search_method=paths
1000 sample images loaded for digit 7
    [Digit 7] Generating 10 samples through sample number 10 with approach=mse, search=paths
    [Digit 7] Generating 10 samples through sample number 20 with approach=mse, search=paths
    [Digit 7] Generating 10 samples through sample number 30 with approach=mse, search=paths
    [Digit 7] Generating 10 samples through sample number 40 with approach=mse, search=paths
   [Digit 7] Generating 10 samples through sample number 50 with approach=mse, search=paths
  -> Computing distribution for digit=8, subset_size=1000, approach=mse, search_method=paths
1000 sample images loaded for digit 8
    [Digit 8] Generating 10 samples through sample number 10 with approach=mse, search=paths
    [Digit 8] Generating 10 samples through sample number 20 with approach=mse, search=paths
    [Digit 8] Generating 10 samples through sample number 30 with approach=mse, search=paths
    [Digit 8] Generating 10 samples through sample number 40 with approach=mse, search=paths
   [Digit 8] Generating 10 samples through sample number 50 with approach=mse, search=paths
  -> Computing distribution for digit=9, subset_size=1000, approach=mse, search_method=paths
1000 sample images loaded for digit 9
    [Digit 9] Generating 10 samples through sample number 10 with approach=mse, search=paths
    [Digit 9] Generating 10 samples through sample number 20 with approach=mse, search=paths
    [Digit 9] Generating 10 samples through sample number 30 with approach=mse, search=paths
    [Digit 9] Generating 10 samples through sample number 40 with approach=mse, search=paths
   [Digit 9] Generating 10 samples through sample number 50 with approach=mse, search=paths
  => Approach=MSE | Search=paths | subset_size=1000 | Accuracy=75.20% (376/500) | FID=0.2203
Cache cleared after finishing subset_size=1000. Current cache size: 0

=== Running experiments for subset_size=1400, approach=mse, search=paths ===
  -> Computing distribution for digit=0, subset_size=1400, approach=mse, search_method=paths
1400 sample images loaded for digit 0
    [Digit 0] Generating 10 samples through sample number 10 with approach=mse, search=paths
    [Digit 0] Generating 10 samples through sample number 20 with approach=mse, search=paths
    [Digit 0] Generating 10 samples through sample number 30 with approach=mse, search=paths
    [Digit 0] Generating 10 samples through sample number 40 with approach=mse, search=paths
   [Digit 0] Generating 10 samples through sample number 50 with approach=mse, search=paths
  -> Computing distribution for digit=1, subset_size=1400, approach=mse, search_method=paths
1400 sample images loaded for digit 1
    [Digit 1] Generating 10 samples through sample number 10 with approach=mse, search=paths
    [Digit 1] Generating 10 samples through sample number 20 with approach=mse, search=paths
    [Digit 1] Generating 10 samples through sample number 30 with approach=mse, search=paths
    [Digit 1] Generating 10 samples through sample number 40 with approach=mse, search=paths
   [Digit 1] Generating 10 samples through sample number 50 with approach=mse, search=paths
  -> Computing distribution for digit=2, subset_size=1400, approach=mse, search_method=paths
1400 sample images loaded for digit 2
    [Digit 2] Generating 10 samples through sample number 10 with approach=mse, search=paths
    [Digit 2] Generating 10 samples through sample number 20 with approach=mse, search=paths
    [Digit 2] Generating 10 samples through sample number 30 with approach=mse, search=paths
    [Digit 2] Generating 10 samples through sample number 40 with approach=mse, search=paths
   [Digit 2] Generating 10 samples through sample number 50 with approach=mse, search=paths
  -> Computing distribution for digit=3, subset_size=1400, approach=mse, search_method=paths
1400 sample images loaded for digit 3
    [Digit 3] Generating 10 samples through sample number 10 with approach=mse, search=paths
    [Digit 3] Generating 10 samples through sample number 20 with approach=mse, search=paths
    [Digit 3] Generating 10 samples through sample number 30 with approach=mse, search=paths
    [Digit 3] Generating 10 samples through sample number 40 with approach=mse, search=paths
   [Digit 3] Generating 10 samples through sample number 50 with approach=mse, search=paths
  -> Computing distribution for digit=4, subset_size=1400, approach=mse, search_method=paths
1400 sample images loaded for digit 4
    [Digit 4] Generating 10 samples through sample number 10 with approach=mse, search=paths
    [Digit 4] Generating 10 samples through sample number 20 with approach=mse, search=paths
    [Digit 4] Generating 10 samples through sample number 30 with approach=mse, search=paths
    [Digit 4] Generating 10 samples through sample number 40 with approach=mse, search=paths
   [Digit 4] Generating 10 samples through sample number 50 with approach=mse, search=paths
  -> Computing distribution for digit=5, subset_size=1400, approach=mse, search_method=paths
1400 sample images loaded for digit 5
    [Digit 5] Generating 10 samples through sample number 10 with approach=mse, search=paths
    [Digit 5] Generating 10 samples through sample number 20 with approach=mse, search=paths
    [Digit 5] Generating 10 samples through sample number 30 with approach=mse, search=paths
    [Digit 5] Generating 10 samples through sample number 40 with approach=mse, search=paths
   [Digit 5] Generating 10 samples through sample number 50 with approach=mse, search=paths
  -> Computing distribution for digit=6, subset_size=1400, approach=mse, search_method=paths
1400 sample images loaded for digit 6
    [Digit 6] Generating 10 samples through sample number 10 with approach=mse, search=paths
    [Digit 6] Generating 10 samples through sample number 20 with approach=mse, search=paths
    [Digit 6] Generating 10 samples through sample number 30 with approach=mse, search=paths
    [Digit 6] Generating 10 samples through sample number 40 with approach=mse, search=paths
   [Digit 6] Generating 10 samples through sample number 50 with approach=mse, search=paths
  -> Computing distribution for digit=7, subset_size=1400, approach=mse, search_method=paths
1400 sample images loaded for digit 7
    [Digit 7] Generating 10 samples through sample number 10 with approach=mse, search=paths
    [Digit 7] Generating 10 samples through sample number 20 with approach=mse, search=paths
    [Digit 7] Generating 10 samples through sample number 30 with approach=mse, search=paths
    [Digit 7] Generating 10 samples through sample number 40 with approach=mse, search=paths
   [Digit 7] Generating 10 samples through sample number 50 with approach=mse, search=paths
  -> Computing distribution for digit=8, subset_size=1400, approach=mse, search_method=paths
1400 sample images loaded for digit 8
    [Digit 8] Generating 10 samples through sample number 10 with approach=mse, search=paths
    [Digit 8] Generating 10 samples through sample number 20 with approach=mse, search=paths
    [Digit 8] Generating 10 samples through sample number 30 with approach=mse, search=paths
    [Digit 8] Generating 10 samples through sample number 40 with approach=mse, search=paths
   [Digit 8] Generating 10 samples through sample number 50 with approach=mse, search=paths
  -> Computing distribution for digit=9, subset_size=1400, approach=mse, search_method=paths
1400 sample images loaded for digit 9
    [Digit 9] Generating 10 samples through sample number 10 with approach=mse, search=paths
    [Digit 9] Generating 10 samples through sample number 20 with approach=mse, search=paths
    [Digit 9] Generating 10 samples through sample number 30 with approach=mse, search=paths
    [Digit 9] Generating 10 samples through sample number 40 with approach=mse, search=paths
   [Digit 9] Generating 10 samples through sample number 50 with approach=mse, search=paths
  => Approach=MSE | Search=paths | subset_size=1400 | Accuracy=74.40% (372/500) | FID=0.2322
Cache cleared after finishing subset_size=1400. Current cache size: 0

=== Running experiments for subset_size=1800, approach=mse, search=paths ===
  -> Computing distribution for digit=0, subset_size=1800, approach=mse, search_method=paths
1800 sample images loaded for digit 0
    [Digit 0] Generating 10 samples through sample number 10 with approach=mse, search=paths
    [Digit 0] Generating 10 samples through sample number 20 with approach=mse, search=paths
    [Digit 0] Generating 10 samples through sample number 30 with approach=mse, search=paths
    [Digit 0] Generating 10 samples through sample number 40 with approach=mse, search=paths
   [Digit 0] Generating 10 samples through sample number 50 with approach=mse, search=paths
  -> Computing distribution for digit=1, subset_size=1800, approach=mse, search_method=paths
1800 sample images loaded for digit 1
    [Digit 1] Generating 10 samples through sample number 10 with approach=mse, search=paths
    [Digit 1] Generating 10 samples through sample number 20 with approach=mse, search=paths
    [Digit 1] Generating 10 samples through sample number 30 with approach=mse, search=paths
    [Digit 1] Generating 10 samples through sample number 40 with approach=mse, search=paths
   [Digit 1] Generating 10 samples through sample number 50 with approach=mse, search=paths
  -> Computing distribution for digit=2, subset_size=1800, approach=mse, search_method=paths
1800 sample images loaded for digit 2
    [Digit 2] Generating 10 samples through sample number 10 with approach=mse, search=paths
    [Digit 2] Generating 10 samples through sample number 20 with approach=mse, search=paths
    [Digit 2] Generating 10 samples through sample number 30 with approach=mse, search=paths
    [Digit 2] Generating 10 samples through sample number 40 with approach=mse, search=paths
   [Digit 2] Generating 10 samples through sample number 50 with approach=mse, search=paths
  -> Computing distribution for digit=3, subset_size=1800, approach=mse, search_method=paths
1800 sample images loaded for digit 3
    [Digit 3] Generating 10 samples through sample number 10 with approach=mse, search=paths
    [Digit 3] Generating 10 samples through sample number 20 with approach=mse, search=paths
    [Digit 3] Generating 10 samples through sample number 30 with approach=mse, search=paths
    [Digit 3] Generating 10 samples through sample number 40 with approach=mse, search=paths
   [Digit 3] Generating 10 samples through sample number 50 with approach=mse, search=paths
  -> Computing distribution for digit=4, subset_size=1800, approach=mse, search_method=paths
1800 sample images loaded for digit 4
    [Digit 4] Generating 10 samples through sample number 10 with approach=mse, search=paths
    [Digit 4] Generating 10 samples through sample number 20 with approach=mse, search=paths
    [Digit 4] Generating 10 samples through sample number 30 with approach=mse, search=paths
    [Digit 4] Generating 10 samples through sample number 40 with approach=mse, search=paths
   [Digit 4] Generating 10 samples through sample number 50 with approach=mse, search=paths
  -> Computing distribution for digit=5, subset_size=1800, approach=mse, search_method=paths
1800 sample images loaded for digit 5
    [Digit 5] Generating 10 samples through sample number 10 with approach=mse, search=paths
    [Digit 5] Generating 10 samples through sample number 20 with approach=mse, search=paths
    [Digit 5] Generating 10 samples through sample number 30 with approach=mse, search=paths
    [Digit 5] Generating 10 samples through sample number 40 with approach=mse, search=paths
   [Digit 5] Generating 10 samples through sample number 50 with approach=mse, search=paths
  -> Computing distribution for digit=6, subset_size=1800, approach=mse, search_method=paths
1800 sample images loaded for digit 6
    [Digit 6] Generating 10 samples through sample number 10 with approach=mse, search=paths
    [Digit 6] Generating 10 samples through sample number 20 with approach=mse, search=paths
    [Digit 6] Generating 10 samples through sample number 30 with approach=mse, search=paths
    [Digit 6] Generating 10 samples through sample number 40 with approach=mse, search=paths
   [Digit 6] Generating 10 samples through sample number 50 with approach=mse, search=paths
  -> Computing distribution for digit=7, subset_size=1800, approach=mse, search_method=paths
1800 sample images loaded for digit 7
    [Digit 7] Generating 10 samples through sample number 10 with approach=mse, search=paths
    [Digit 7] Generating 10 samples through sample number 20 with approach=mse, search=paths
    [Digit 7] Generating 10 samples through sample number 30 with approach=mse, search=paths
    [Digit 7] Generating 10 samples through sample number 40 with approach=mse, search=paths
   [Digit 7] Generating 10 samples through sample number 50 with approach=mse, search=paths
  -> Computing distribution for digit=8, subset_size=1800, approach=mse, search_method=paths
1800 sample images loaded for digit 8
    [Digit 8] Generating 10 samples through sample number 10 with approach=mse, search=paths
    [Digit 8] Generating 10 samples through sample number 20 with approach=mse, search=paths
    [Digit 8] Generating 10 samples through sample number 30 with approach=mse, search=paths
    [Digit 8] Generating 10 samples through sample number 40 with approach=mse, search=paths
   [Digit 8] Generating 10 samples through sample number 50 with approach=mse, search=paths
  -> Computing distribution for digit=9, subset_size=1800, approach=mse, search_method=paths
1800 sample images loaded for digit 9
    [Digit 9] Generating 10 samples through sample number 10 with approach=mse, search=paths
    [Digit 9] Generating 10 samples through sample number 20 with approach=mse, search=paths
    [Digit 9] Generating 10 samples through sample number 30 with approach=mse, search=paths
    [Digit 9] Generating 10 samples through sample number 40 with approach=mse, search=paths
   [Digit 9] Generating 10 samples through sample number 50 with approach=mse, search=paths
  => Approach=MSE | Search=paths | subset_size=1800 | Accuracy=75.80% (379/500) | FID=0.2345
Cache cleared after finishing subset_size=1800. Current cache size: 0
Saved scaling study accuracy plot to /home/ubuntu/diffusion_test_time_compute/hemal_experiments/experiment_outputs_20250311_110604/scaling_study_accuracy_mse_paths.png
Saved scaling study FID plot to /home/ubuntu/diffusion_test_time_compute/hemal_experiments/experiment_outputs_20250311_110604/scaling_study_fid_mse_paths.png

All experiments complete. Detailed logs saved to /home/ubuntu/diffusion_test_time_compute/hemal_experiments/experiment_outputs_20250311_110604/combined_experiment_log.txt
Done!
Note: For 'paths' search, distribution info was computed for timesteps=[799, 699, 599, 499, 399, 299, 199, 99, 0]
